2024-10-21 03:45:36,609 - __main__ - INFO - Инициализация MainWindow
2024-10-21 03:45:36,617 - __main__ - INFO - Загрузка конфигурации
2024-10-21 03:45:36,624 - __main__ - DEBUG - Добавление задачи в список: {'delay': 0, 'path': 'D:/Programs/Microsoft VS Code/Code.exe', 'type': 'open_program'}
2024-10-21 03:45:36,624 - __main__ - DEBUG - Добавление задачи в список: {'delay': 0, 'type': 'open_link', 'url': 'https://e.mail.ru/inbox/'}
2024-10-21 03:45:36,624 - __main__ - DEBUG - Добавление задачи в список: {'delay': 0, 'path': 'C:/Users/ivann/AppData/Roaming/Telegram Desktop/Telegram.exe', 'type': 'open_program'}
2024-10-21 03:45:36,624 - __main__ - DEBUG - Добавление задачи в список: {'delay': 0, 'path': 'C:/Users/ivann/AppData/Local/Programs/Obsidian/Obsidian.exe', 'type': 'open_program'}
2024-10-21 03:45:58,741 - __main__ - INFO - Открытие диалога для редактирования задачи: {'delay': 0, 'path': 'D:/Programs/Microsoft VS Code/Code.exe', 'type': 'open_program'}
2024-10-21 03:45:58,741 - __main__ - INFO - Инициализация TaskDialog
2024-10-21 03:45:58,741 - __main__ - DEBUG - Заполнение полей данными задачи: {'delay': 0, 'path': 'D:/Programs/Microsoft VS Code/Code.exe', 'type': 'open_program'}
2024-10-21 03:45:58,741 - __main__ - DEBUG - Тип задачи изменен на: open_program
2024-10-21 03:45:58,741 - __main__ - DEBUG - Тип задачи изменен на: open_program
2024-10-21 03:46:01,772 - __main__ - DEBUG - Сохранение задачи из диалога
2024-10-21 03:46:01,772 - __main__ - DEBUG - Получение данных задачи из диалога
2024-10-21 03:46:01,772 - __main__ - DEBUG - Данные задачи: {'type': 'open_program', 'delay': 1, 'path': 'D:/Programs/Microsoft VS Code/Code.exe'}
2024-10-21 03:46:01,772 - __main__ - DEBUG - Обновление задачи в списке: {'delay': 1, 'path': 'D:/Programs/Microsoft VS Code/Code.exe', 'type': 'open_program'}
2024-10-21 03:46:01,772 - __main__ - DEBUG - Добавление задачи в список: {'delay': 1, 'path': 'D:/Programs/Microsoft VS Code/Code.exe', 'type': 'open_program'}
2024-10-21 03:46:01,772 - __main__ - INFO - Сохранение конфигурации
2024-10-21 03:46:01,772 - __main__ - INFO - Конфигурация успешно сохранена
2024-10-21 03:46:01,772 - __main__ - INFO - Задача успешно отредактирована
2024-10-21 03:48:17,839 - __main__ - INFO - РРЅРёС†РёР°Р»РёР·Р°С†РёСЏ MainWindow
2024-10-21 03:48:17,846 - __main__ - INFO - Р—Р°РіСЂСѓР·РєР° РєРѕРЅС„РёРіСѓСЂР°С†РёРё
2024-10-21 03:48:17,846 - __main__ - DEBUG - Р”РѕР±Р°РІР»РµРЅРёРµ Р·Р°РґР°С‡Рё РІ СЃРїРёСЃРѕРє: {'delay': 1, 'path': 'D:/Programs/Microsoft VS Code/Code.exe', 'type': 'open_program'}
2024-10-21 03:48:17,854 - __main__ - DEBUG - Р”РѕР±Р°РІР»РµРЅРёРµ Р·Р°РґР°С‡Рё РІ СЃРїРёСЃРѕРє: {'delay': 0, 'type': 'open_link', 'url': 'https://e.mail.ru/inbox/'}
2024-10-21 03:48:17,854 - __main__ - DEBUG - Р”РѕР±Р°РІР»РµРЅРёРµ Р·Р°РґР°С‡Рё РІ СЃРїРёСЃРѕРє: {'delay': 0, 'path': 'C:/Users/ivann/AppData/Roaming/Telegram Desktop/Telegram.exe', 'type': 'open_program'}
2024-10-21 03:48:17,854 - __main__ - DEBUG - Р”РѕР±Р°РІР»РµРЅРёРµ Р·Р°РґР°С‡Рё РІ СЃРїРёСЃРѕРє: {'delay': 0, 'path': 'C:/Users/ivann/AppData/Local/Programs/Obsidian/Obsidian.exe', 'type': 'open_program'}
2024-10-21 03:48:23,303 - __main__ - INFO - РћС‚РєСЂС‹С‚РёРµ РґРёР°Р»РѕРіР° РґР»СЏ СЂРµРґР°РєС‚РёСЂРѕРІР°РЅРёСЏ Р·Р°РґР°С‡Рё: {'delay': 0, 'type': 'open_link', 'url': 'https://e.mail.ru/inbox/'}
2024-10-21 03:48:23,303 - __main__ - INFO - РРЅРёС†РёР°Р»РёР·Р°С†РёСЏ TaskDialog
2024-10-21 03:48:23,318 - __main__ - DEBUG - Р—Р°РїРѕР»РЅРµРЅРёРµ РїРѕР»РµР№ РґР°РЅРЅС‹РјРё Р·Р°РґР°С‡Рё: {'delay': 0, 'type': 'open_link', 'url': 'https://e.mail.ru/inbox/'}
2024-10-21 03:48:23,318 - __main__ - DEBUG - РўРёРї Р·Р°РґР°С‡Рё РёР·РјРµРЅРµРЅ РЅР°: open_link
2024-10-21 03:48:26,037 - __main__ - DEBUG - РЎРѕС…СЂР°РЅРµРЅРёРµ Р·Р°РґР°С‡Рё РёР· РґРёР°Р»РѕРіР°
2024-10-21 03:48:26,037 - __main__ - DEBUG - РџРѕР»СѓС‡РµРЅРёРµ РґР°РЅРЅС‹С… Р·Р°РґР°С‡Рё РёР· РґРёР°Р»РѕРіР°
2024-10-21 03:48:26,037 - __main__ - DEBUG - Р”Р°РЅРЅС‹Рµ Р·Р°РґР°С‡Рё: {'type': 'open_link', 'delay': 1, 'url': 'https://e.mail.ru/inbox/'}
2024-10-21 03:48:26,037 - __main__ - DEBUG - РћР±РЅРѕРІР»РµРЅРёРµ Р·Р°РґР°С‡Рё РІ СЃРїРёСЃРєРµ: {'delay': 1, 'type': 'open_link', 'url': 'https://e.mail.ru/inbox/'}
2024-10-21 03:48:26,037 - __main__ - DEBUG - Р”РѕР±Р°РІР»РµРЅРёРµ Р·Р°РґР°С‡Рё РІ СЃРїРёСЃРѕРє: {'delay': 1, 'type': 'open_link', 'url': 'https://e.mail.ru/inbox/'}
2024-10-21 03:48:26,052 - __main__ - INFO - РЎРѕС…СЂР°РЅРµРЅРёРµ РєРѕРЅС„РёРіСѓСЂР°С†РёРё
2024-10-21 03:48:26,052 - __main__ - INFO - РљРѕРЅС„РёРіСѓСЂР°С†РёСЏ СѓСЃРїРµС€РЅРѕ СЃРѕС…СЂР°РЅРµРЅР°
2024-10-21 03:48:26,052 - __main__ - INFO - Р—Р°РґР°С‡Р° СѓСЃРїРµС€РЅРѕ РѕС‚СЂРµРґР°РєС‚РёСЂРѕРІР°РЅР°
2024-10-21 03:48:40,238 - __main__ - INFO - РћС‚РєСЂС‹С‚РёРµ РґРёР°Р»РѕРіР° РґР»СЏ РґРѕР±Р°РІР»РµРЅРёСЏ РЅРѕРІРѕР№ Р·Р°РґР°С‡Рё
2024-10-21 03:48:40,238 - __main__ - INFO - РРЅРёС†РёР°Р»РёР·Р°С†РёСЏ TaskDialog
2024-10-21 03:48:40,238 - __main__ - DEBUG - РўРёРї Р·Р°РґР°С‡Рё РёР·РјРµРЅРµРЅ РЅР°: open_link
2024-10-21 03:48:45,805 - __main__ - DEBUG - РЎРѕС…СЂР°РЅРµРЅРёРµ Р·Р°РґР°С‡Рё РёР· РґРёР°Р»РѕРіР°
2024-10-21 03:48:45,805 - __main__ - DEBUG - РџРѕР»СѓС‡РµРЅРёРµ РґР°РЅРЅС‹С… Р·Р°РґР°С‡Рё РёР· РґРёР°Р»РѕРіР°
2024-10-21 03:48:45,805 - __main__ - DEBUG - Р”Р°РЅРЅС‹Рµ Р·Р°РґР°С‡Рё: {'type': 'open_link', 'delay': 1, 'url': '1'}
2024-10-21 03:48:45,805 - __main__ - DEBUG - Р”РѕР±Р°РІР»РµРЅРёРµ Р·Р°РґР°С‡Рё РІ СЃРїРёСЃРѕРє: {'type': 'open_link', 'delay': 1, 'url': '1'}
2024-10-21 03:48:45,820 - __main__ - INFO - РЎРѕС…СЂР°РЅРµРЅРёРµ РєРѕРЅС„РёРіСѓСЂР°С†РёРё
2024-10-21 03:48:45,820 - __main__ - INFO - РљРѕРЅС„РёРіСѓСЂР°С†РёСЏ СѓСЃРїРµС€РЅРѕ СЃРѕС…СЂР°РЅРµРЅР°
2024-10-21 03:48:45,820 - __main__ - INFO - РќРѕРІР°СЏ Р·Р°РґР°С‡Р° РґРѕР±Р°РІР»РµРЅР° СѓСЃРїРµС€РЅРѕ
